<?xml version="1.0" encoding="UTF-8"?>
<!-- Generated by org.testng.reporters.JUnitReportReporter -->
<testsuite skipped="0" hostname="Mds-MacBook-Pro" name="com.worlwideexss.InterView" tests="1" failures="0" timestamp="26 Feb 2020 06:46:51 GMT" time="36.053" errors="0">
  <testcase name="TnterViewTest" time="36.053" classname="com.worlwideexss.InterView"/>
</testsuite> <!-- com.worlwideexss.InterView -->
