<?xml version="1.0" encoding="UTF-8"?>
<!-- Generated by org.testng.reporters.JUnitReportReporter -->
<testsuite skipped="0" hostname="Mds-MacBook-Pro" name="com.interveiwpectice.SmartPac" tests="1" failures="0" timestamp="20 Mar 2020 18:18:45 GMT" time="8.922" errors="0">
  <testcase name="logIn" time="8.922" classname="com.interveiwpectice.SmartPac"/>
</testsuite> <!-- com.interveiwpectice.SmartPac -->
