<?xml version="1.0" encoding="UTF-8"?>
<!-- Generated by org.testng.reporters.JUnitReportReporter -->
<testsuite skipped="0" hostname="Mds-MacBook-Pro" name="com.interveiwpectice.PaypalDemo" tests="1" failures="0" timestamp="23 Mar 2020 22:13:16 GMT" time="44.627" errors="0">
  <testcase name="LogIN" time="44.627" classname="com.interveiwpectice.PaypalDemo"/>
</testsuite> <!-- com.interveiwpectice.PaypalDemo -->
